2019-10-15 19:03:01,786 ERROR 14528 [-/::1/-/3ms GET /news] nodejs.AssertionError: Can't find news/list.tpl from 
    at Map.resolve (F:\egg\node_modules\egg-view\lib\view_manager.js:74:5)
    at processTicksAndRejections (internal/process/task_queues.js:93:5)
    at async ContextView.[contextView#render] (F:\egg\node_modules\egg-view\lib\context_view.js:50:22)
    at async NewsController.list (F:\egg\app\controller\news.js:11:5)
generatedMessage: false
code: "ERR_ASSERTION"
actual: undefined
expected: true
operator: "=="
pid: 14528
hostname: DESKTOP-9OJO1FB

2019-10-15 19:03:41,298 ERROR 13832 [-/::1/-/6ms GET /news] nodejs.AssertionError: Can't find views/news/list.tpl from 
    at Map.resolve (F:\egg\node_modules\egg-view\lib\view_manager.js:74:5)
    at processTicksAndRejections (internal/process/task_queues.js:93:5)
    at async ContextView.[contextView#render] (F:\egg\node_modules\egg-view\lib\context_view.js:50:22)
    at async NewsController.list (F:\egg\app\controller\news.js:11:5)
generatedMessage: false
code: "ERR_ASSERTION"
actual: undefined
expected: true
operator: "=="
pid: 13832
hostname: DESKTOP-9OJO1FB

2019-10-15 19:03:59,432 ERROR 11092 [-/::1/-/5ms GET /news] nodejs.AssertionError: Can't find /views/news/list.tpl from 
    at Map.resolve (F:\egg\node_modules\egg-view\lib\view_manager.js:74:5)
    at processTicksAndRejections (internal/process/task_queues.js:93:5)
    at async ContextView.[contextView#render] (F:\egg\node_modules\egg-view\lib\context_view.js:50:22)
    at async NewsController.list (F:\egg\app\controller\news.js:11:5)
generatedMessage: false
code: "ERR_ASSERTION"
actual: undefined
expected: true
operator: "=="
pid: 11092
hostname: DESKTOP-9OJO1FB

2019-10-15 19:10:38,669 ERROR 20760 [-/::1/-/7ms GET /news] nodejs.AssertionError: Can't find news/list from 
    at Map.resolve (F:\egg\node_modules\egg-view\lib\view_manager.js:74:5)
    at processTicksAndRejections (internal/process/task_queues.js:93:5)
    at async ContextView.[contextView#render] (F:\egg\node_modules\egg-view\lib\context_view.js:50:22)
    at async NewsController.list (F:\egg\app\controller\news.js:11:5)
generatedMessage: false
code: "ERR_ASSERTION"
actual: undefined
expected: true
operator: "=="
pid: 20760
hostname: DESKTOP-9OJO1FB

2019-10-15 19:13:03,742 ERROR 18716 [-/::1/-/5ms GET /news] nodejs.AssertionError: Can't find /views/news/list.tpl from 
    at Map.resolve (F:\egg\node_modules\egg-view\lib\view_manager.js:74:5)
    at processTicksAndRejections (internal/process/task_queues.js:93:5)
    at async ContextView.[contextView#render] (F:\egg\node_modules\egg-view\lib\context_view.js:50:22)
    at async NewsController.list (F:\egg\app\controller\news.js:12:5)
generatedMessage: false
code: "ERR_ASSERTION"
actual: undefined
expected: true
operator: "=="
pid: 18716
hostname: DESKTOP-9OJO1FB

2019-10-15 19:13:21,873 ERROR 9416 [-/::1/-/5ms GET /news] nodejs.AssertionError: Can't find /views/news/list from 
    at Map.resolve (F:\egg\node_modules\egg-view\lib\view_manager.js:74:5)
    at processTicksAndRejections (internal/process/task_queues.js:93:5)
    at async ContextView.[contextView#render] (F:\egg\node_modules\egg-view\lib\context_view.js:50:22)
    at async NewsController.list (F:\egg\app\controller\news.js:12:5)
generatedMessage: false
code: "ERR_ASSERTION"
actual: undefined
expected: true
operator: "=="
pid: 9416
hostname: DESKTOP-9OJO1FB

2019-10-15 19:13:40,400 ERROR 12960 [-/::1/-/5ms GET /news] nodejs.AssertionError: Can't find views/news/list.tpl from 
    at Map.resolve (F:\egg\node_modules\egg-view\lib\view_manager.js:74:5)
    at processTicksAndRejections (internal/process/task_queues.js:93:5)
    at async ContextView.[contextView#render] (F:\egg\node_modules\egg-view\lib\context_view.js:50:22)
    at async NewsController.list (F:\egg\app\controller\news.js:12:5)
generatedMessage: false
code: "ERR_ASSERTION"
actual: undefined
expected: true
operator: "=="
pid: 12960
hostname: DESKTOP-9OJO1FB

2019-10-15 19:14:17,722 ERROR 7864 [-/::1/-/6ms GET /news] nodejs.AssertionError: Can't find ../views/news/list.tpl from 
    at Map.resolve (F:\egg\node_modules\egg-view\lib\view_manager.js:74:5)
    at processTicksAndRejections (internal/process/task_queues.js:93:5)
    at async ContextView.[contextView#render] (F:\egg\node_modules\egg-view\lib\context_view.js:50:22)
    at async NewsController.list (F:\egg\app\controller\news.js:12:5)
generatedMessage: false
code: "ERR_ASSERTION"
actual: undefined
expected: true
operator: "=="
pid: 7864
hostname: DESKTOP-9OJO1FB

2019-10-15 19:14:19,104 ERROR 7864 [-/::1/-/0ms GET /news] nodejs.AssertionError: Can't find ../views/news/list.tpl from 
    at Map.resolve (F:\egg\node_modules\egg-view\lib\view_manager.js:74:5)
    at processTicksAndRejections (internal/process/task_queues.js:93:5)
    at async ContextView.[contextView#render] (F:\egg\node_modules\egg-view\lib\context_view.js:50:22)
    at async NewsController.list (F:\egg\app\controller\news.js:12:5)
generatedMessage: false
code: "ERR_ASSERTION"
actual: undefined
expected: true
operator: "=="
pid: 7864
hostname: DESKTOP-9OJO1FB

